c:\users\adising\source\repos\maple\glfw\x64\debug\vc142.pdb
c:\users\adising\source\repos\maple\glfw\x64\debug\vc142.idb
c:\users\adising\source\repos\maple\glfw\x64\debug\window.obj
c:\users\adising\source\repos\maple\glfw\x64\debug\win32_window.obj
c:\users\adising\source\repos\maple\glfw\x64\debug\win32_time.obj
c:\users\adising\source\repos\maple\glfw\x64\debug\win32_thread.obj
c:\users\adising\source\repos\maple\glfw\x64\debug\win32_monitor.obj
c:\users\adising\source\repos\maple\glfw\x64\debug\win32_joystick.obj
c:\users\adising\source\repos\maple\glfw\x64\debug\win32_init.obj
c:\users\adising\source\repos\maple\glfw\x64\debug\wgl_context.obj
c:\users\adising\source\repos\maple\glfw\x64\debug\vulkan.obj
c:\users\adising\source\repos\maple\glfw\x64\debug\osmesa_context.obj
c:\users\adising\source\repos\maple\glfw\x64\debug\monitor.obj
c:\users\adising\source\repos\maple\glfw\x64\debug\input.obj
c:\users\adising\source\repos\maple\glfw\x64\debug\init.obj
c:\users\adising\source\repos\maple\glfw\x64\debug\egl_context.obj
c:\users\adising\source\repos\maple\glfw\x64\debug\context.obj
c:\users\adising\source\repos\maple\x64\debug\glfw.ilk
c:\users\adising\source\repos\maple\x64\debug\glfw.dll
c:\users\adising\source\repos\maple\x64\debug\glfw.pdb
c:\users\adising\source\repos\maple\glfw\x64\debug\glfw.tlog\cl.command.1.tlog
c:\users\adising\source\repos\maple\glfw\x64\debug\glfw.tlog\cl.read.1.tlog
c:\users\adising\source\repos\maple\glfw\x64\debug\glfw.tlog\cl.write.1.tlog
c:\users\adising\source\repos\maple\glfw\x64\debug\glfw.tlog\link.command.1.tlog
c:\users\adising\source\repos\maple\glfw\x64\debug\glfw.tlog\link.read.1.tlog
c:\users\adising\source\repos\maple\glfw\x64\debug\glfw.tlog\link.write.1.tlog
